/jfWP03ZNgTzLhW5P3E9Z6K6fAoq+ZmDq9ORmGd+jS8jziXE81Q52opDobMia2DWaC8Wb2YijgDmOh9daYVDy6FGPukaXYOB+6vf/pbNqhoxYW14BGzZULb8BNNIIPgCWittNCp+T3m38+rku0GV52R0G4F79B8zzn8lCsz619S/ttcrODP1sbyz1Q==
q7N6O/XrF7sKmhxzTJQjGjAaTy/e2QC91MouqagsOIT6VrGr9b21Yfij8I9mJvNsZNK62MUmrjVChOY5In2rkfOr1+6+7ZLK6aGViNzMceA+fIyjIECgsuLrteTSnqdpv/Pi9NMh7bc8NKMxoxT3w0b/rbpkWo+kx/aPewAT3aG0s90=
NldrcswmPmOeTigWD4VbL5ObfxYlq3jof/29q1sf4EzxJO1JMAg+X2dB/fCSeYqfK+2MmQMgLOfd76mCPXk0QXbIrnKjNEUWm78HFTcFsrMbSAauQbhu8vBMd+5MMSjUbN3gVdnFWSt9uszFUC5j8f+MPgTDdHRchneSyMJ2CPv/gFA2VX2Vs0hgIQnv03akSfXBHMUXzF/nrlaSbSCtpoWfwruv9Z6z9w==
HR3jcQ2/OmZn9ycpt5z7oqc8o8LyeLSzEnqX53bs8abp7Ce/66rYzYpSwstiN1JGoieD9TxDm5nBGi9Ma+rUjdmr7M6JoLrXwHDuMWyhiQNkiWQ1M3AmCUJ2t2ATf25AtXQxu7w2o0j4Fi2pD2Bwp55GUjAOapn77yxfS7Mg
QmgvSw0LHtikpKyVrBIrX2KWq/ncGEYCSRxsifk2oei7CXx7woNzMvYYGUI5KO+Ly5/QyZo2qr8iQzoiMqMLQZz3U10R/se4ax48aQlvJHopFDJTUBSGRSzV4Wd0jWwBE0TuzZKSX5STi4akZbD5j5wCq0zockXdTxQYww7C2oSu3lE/P8i3v7PU
MH7Scb1D6lHRZxGFscNmWmKWq/ncGEYCSRxsifk2oei7GHR1xIxyYPYYGUI5KO+Ly5DQyZo2qr8iQzoiMqMLQZz3U10R/se4ax48aQlvJHopFDJTUBSGRSzV4Wd0jWwBE0TuzZKSX5STi4akZbD5j5wCq0zockXdTxQYww7C2oSu3lE/P8i3v7PU
8OHUXprhKdQ16StIctpjFcwjETBLwNMbMbLerdPqjHyNYYi+wsLj3cwcblYNWMpLaZbivtoMORbGiY70doyxBmkM55/rxZhtCrIC62IXEiYih0MVPGPb+UG676xrChQtWcus7olAendAEK4RbIFJ4+QpJFUzUObpwtb3ABMfLuA1lPGbvFbj6Hj27YkPQDDHHuaS0A5K2ZtvjJ+rs8A=
F3vY8JN8Q9tOSNXutBq20l8kLBlgNJPxrewOUdQyX0GSFE/yaoTBFvv/p5WXRdKz849kLuF4TvKQjJdu7HEI1EydgNU5BXkrXXosRTBuQ/HfzJ6EI7QUXKa3Mkiituj7n8DwtvU99bOooIGJTxOWpCm1IZxlV+xfB+42Es3gjaalXyI7z7W+s9c=
/LnAH3xEyJqEI9BgxH+m34noNRVEqiwVBGUORgpFIigvxlMcV60XFEMyruR2nJH2qVyHL2s9OT1KguL7YgdyFuJX42W80zspAcrPvGsaNF0ZG0xeCTDap4AgzgFskanTpHmEpbPghrkCJtcQEw8OEPXEkSs8pkO4OMYNmQ9QUPfeNjKgjvo5Sy/8v7uz0A==
Sf49T3ycpqomdu1SMyzgl/+pdho28ZrQsdGPiHQ5kQwjwyWrlTpQwINWubsdXU2xIGNDOz5GmxzsUjJobYZ2xbpEPukaXYOB+6vf/pbNqhoxYW14BGzZULb8BNNIIPgCWittNCp+T3m38+rku0GV52R0G4F79B8zzn8lCsz619S/ttcrODP1sbyz1Q==
hl2DLzOMkKyF7Z4yzYGGxOWdns6KzbJQT57j1IhvqZ4mQb7sdpSBzomEd+er94llKvpyc+KP4u4Cj1Mt/JtLcSHy37RrEiRlOUM8Fkl4an9g2F6J7Bk5q8QhNG1zKHZhIh7HGBMHHijVHGHj/G7z4Fi+nRGP2MAPPu6C6M6ySRMPxK+zs9g=
y4w2VeQqGdAiXDMs7Y+KW29KpL9Zp5qHYerqRzXGqBbz77/1/zWq86LdzI5ZyMZyGHxvjgSh0BR0raj1IRVxK1VqNGUYXnsxBxx2ZNtEnNwuB4roCuawu+ewmNbtLf2zoLCZaafjbmTxZYk83edk34+eTnKlsNXmnW8KG9eltrPf
DCcv/3R/WGZ0UwO6O4VEBFMlIBR5ddq5svtXXJhtABOQDQ7yaoTBFvv/p5WXRdKz8o5kLuF4TvKQjJdu7HEI1EydgNU5BXkrXXosRTBuQ/HfzJ6EI7QUXKa3Mkiituj7n8DwtvU99bOooIGJTxOWpCm1IZxlV+xfB+42Es3gjaalXyI7z7W+s9c=
BoKCNS0MC9aE/aHY/R4za7wwtK5w/6ik0i3D6D1bOiNocl+VYJpRaAspPeMU6XnOwy66ciLbcNKVRUqCSZct8xUdf9CmLZzp2Qro4lKqjFW343Dxmmr/b3eq+UtCuGUjSt3Rv576D+gzv2ni+kvycUfFmyORqSCRTyvC1tObBRZTL99133VK8wwfow55iCZyuLwPDiThMBTUbch1AVWRK7UqFOV4ntsx51xW5LuEPNzOR6poaiYQuwfwuFaN7V2zAPB56YcjDmRRJWm8/ScE3y/ervKFcLXmPS/qm/dl1rO/
Byb3cThc0ZASBx+rmpGHWLTDD4gD7B8nQKt29KRpBGTcnXIEp2P8SVu+EpKaq7gS3RWSoiGn1fNtLZfw/v1UqZH6UIL6OhTVL3MYUWLat6+/+qGrashdI3Kt+V/Gqscoew+RQpLbavHfVTNDKVlo0Yf7mvY7q30Wqx+3VQclAjPDaRvu0Ri+8iAs565cUfhUnL0QFSmlqSuN2jyFoE6TcS/sLkRTFKRcVtcCiNJW2HtPoGB25d2ls3jAkcnf88YkGdXR3FW3nF+3TsZSfcD9JvV/snvfFe6zhw==
nwlFOYyboclvU9C1ZrykKOOVmmoBJ1mCwis8sdal4PbvXGBt/8J1s5PubzZEIeLLzRH/Ub/xDZYxGUoOhdq2cg180fpT7VsgMwiiVKaJwomOvLoR14es7VdzyTxrLuu06JchfVhc+e6W3Si2SrMM35U5vH/wh2MeKiOKkDPCU2ESGg3ixWmMOM8CUJDJay9eLN0G8IbCHkTVkWeKm6mz/g==
5atZBVWR8ZUR+Ap8Wm9qMEIJ9qiC1V62Xkmzq7YezIWumeDy51BweefeVde7Al9CfN2ijwXdrwVnLW0y2bU6un1mNvaF8EFuy3H7xJtkEqAe9QJNxvBqxY/bTMk/XzkIExLrsOCbMWlAQNmKvjEYwnJPTJtd9ewrKFsDusKP+iTLftPlmpaddl31LNxnbuBkcRfvmmSR1iTenv5gvb2XvuOVs/o=
/VGmkAeUByw3UypNeLPWf+zkgRUE7WHFOeDpB9k6m1AAIB5gc2XT9PRhod1eIZnT9wJqMh6XTht40cL1qzMeRh+TwZYXJ5Plg20uE23h3/71QCKyPHQDPphZFDRw9RRlzd1VK3Gi2PWkBn8Rw+Tq1LdMuBzKjyaYFt50W2Po5MbB5RkzxPi1eVs76gS1XZXMcW8An6uWosI5yJHGmbe2i7vtkrP7
i8Gfk0SB78Txq7a4IdOfg3s7SeOYinzjK6ZccY5RiB/Un6Kf4PDjTnhz2yhFxa8sJ3iQ+4JtIaOH7zt7nQCte+LgMaB2tEEuCSQ3x6sWTwqqWrKT4u+iToJvE038u4vRoZKflGsyZAW54/w2SRgqn+B4Huns+fkLREH0jXMINsGi/gc4EyfeyFW8IcP8jjOA2B5d8Y+4gK++DsKIzpKJs4+k75Oz+A==
bj0S3y3Ypc44ELBJ9x4Axmuo6Zlg9sDpvPzXueuyQLV146XzNqqqNlhZN5Z/d1sFO/1205Tdx549sIoyVMTLHoApLPSoZWzFBQ19K1lyEFXclqfR+5Ty9H/80Jxif+74Du6Mmzt4XCYJtXEzLCj9GeOrMkTNbY0sOR+oH0Mm6uIhOKmGwSdOK/O9urPT
ei0RtaiwcDTPOjGIQoGg8fqAhOXohiQhQr2WVPLmzzuxpytTv8q2Wl0EcXKjNRtPIjFCnBYRQiFeRJoZp99sBcfLqXRbNuucuO+B9aiEuYaG5ch++iuMd0XBnHeA36P2upvq2APaU0lCYq1qNbHMUN86sFh586/2/CUm+Paa3qxFKQfCq7Gz1g==
0KLCeeyZrX1hiHMz05OgVov68W/98WpjgtI2LjVoITb7aTtYKj1yuC4tgpX26AqdP0OM0Q8HWZCjyutoUANRMXBYGRIOaXjaQpfMQ23tjHOYw8Oi8teavHum0z0qDv0ube3sRNc2gHxBz29CVIm2fG4GPniN5fcmU02zIg==
VDyujszCTE4XXFl4w/UNP1NZ4ZiKEgDgs1aJm82dnVGw47bcwIZr/PxSIkhdRsZlCsSuSUod0+GLq6+exo36uqHh3di0rOlwpvwUM7jgCOKqq/3U+r6fWYfz2sTrAcWH9PRr4Qu0b1PefzUq/LpndA82R4vo8yVRTLMl
4rBKJqvLeXxAtCR2m44RX4n68X7/525jgtI2LjVoITb7aTtWKj1yuC4tgpX26AqdP0OM0Q8HWZCjyutoUANRMXBYGRIOaXjaQpfMQ23tjHOYw8Oi8teavHum0z0qDv0ube3sRNc2gHxBz29CVIm2fG4GPniN5fcmU02zIg==
hfLyVnSQ1bFeSnOBh2AHSlNZ546WDwDgs1aJm82dnVGw47jcwIZr/PxSIkhdRsZlCsSuSUod0+GLq6+exo36uqHh3di0rOlwpvwUM7jgCOKqq/3U+r6fWYfz2sTrAcWH9PRr4Qu0b1PefzUq/LpndA82R4vo8yVRTLMl
d8ON+wfFT87nPsF5cgHGB1NZ5piECgDgs1aJm82dnVGw47HdwIZr/PxSIkhdRsZlCsSuSUod0+GLq6+exo36uqHh3di0rOlwpvwUM7jgCOKqq/3U+r6fWYfz2sTrAcWH9PRr4Qu0b1PefzUq/LpndA82R4vo8yVRTLMl
5RmtWLHtqj7GHXFcK1KYTdG7alYX6DxJUSJcGRcKZnsS5Wt1AeFJUBRx/rQ1n8PYrWG9cDBrZXgysc72IwR2GMxX42W80zspAcrPvGsaNF0ZG0xeCTDap4AgzgFskanTpHmEpbPghrkCJtcQEw8OEPXEkSs8pkO4OMYNng9QUPfeNjKgjvo5Sy/8v7uz0A==
ph7Y2No6xKc2Aoau8fHO09K3JEcT/nVXVT1aFQpDayk8wQVPSK0LAUkr/uR7kf7/oVv0PHA0OjtKguL7YgdyFuJX42W80zspAcrPvGsaNF0ZG0xeCTDap4AgzgFskanTpHmEpbPghrkCJtcQEw8OEPXEkSs8pkO4OMYNnA9QUPfeNjKgjvo5Sy/8v7uz0A==
UxkKPRSnDult/nRSaVO3Xze4rV5m8pb8orLIbox/rYWCMODaz9PneAQRAMwk5A1PdXXF0BdJdXD7BVab8Z886FogMj9aZsqvIlPa8nLTa/EcB/PtUa7nqGsOHDlJ34SKqaRSIxDEZlUsxYE3tH2MsZM0Tn1SQn+Ek5umdKUAWf8csku8KCIlyE8E+BNOsro0Li7xj3+Yl6+zxA==
M3O7BY0SqzS7vqFC/Ulr4Z/klhUEqWHROJvpDp4KhXM1AzVCdVud8MUurdoXEsbB+wklOlCNCkRvzcLVq3pbbCy92owTNOmQ5VRkWXGkgpXGbALMG0EHPa1XDzZw9RRlzd1VK3Gi2PWkBn8Rw+Tq1LdMuBzKjyaYFt50W2Po5MbB5RkzxPi1eVs76gS1XZXMcW8Fn6uWosI5yJHGmbe2i7vtkrP7
tYu2GArsAdvEEE9GCnLDTp/klhUEqWHROJvpDp4KhXM1AzVCdVud8MUurdoXEsbB+wklOlCNCkRvzcLVq3pbbCy92owTNOmQ5VRkWXGkgpXGbALMG0EHPa1XDzZw9RRlzd1VK3Gi2PWkBn8Rw+Tq1LdMuBzKjyaYFt50W2Po5MbB5RkzxPi1eVs76gS1XZXMcW8En6uWosI5yJHGmbe2i7vtkrP7
D81r9AKaKcfCSFo5+gP6kTisMvNcYdexF9FbSvOaKi5RiaqA7QcSmcGabTElRBGIPS159h2wpU/cw6zIyYcfwF2Ws5KtRmzDgmUCdsYf3F8PK+M6fSsQcUdZdaLnMxTbW2drwv8qG1SyZ9jOQywJ6LGYjpGPx1nQIwrrqNBDUfHwGBnSjil4GsLXzAPtLYwzGAPD4nIXmvz7ZtP9qk797u2t7IRXdoC8wYluAtRJtjzuxj44DSX3ZtONs+I=
nyGvQ+rPES6xSD5bu8PhGbcLFekj4QT0up2yxPX9gLBrucsMzRJ9N9vmgfM8EgNTvrYui1c9GgNVDZcvyBElU3nRqKY+LDO/ZnMPH0PrcbNfaNSoSDK9gK5g5ryua4nTgsQ2nQSVufEyGLS5EpOBAVP/IzjqSKWlfdW3Y72mgoHObfcZN6sTZuL9fnKNgXHQ8DzNqDq8COvc8MxqxosRHP4Oe2H7cyb8j7HBz5jUh2lPpIsLxL6pctgqo3yj1mvDbAMBKfCzmQ==
zKIheGGKgOo9LjFH+YOyCd8Te6SIm5Pv48bEmKqczxmrh1ehzu8Aen3jkiEH2zBcmMX2WteS5YJkNtdUKJL2oKG2Kr3eZBrx5k2Pif+r2/aa3VYCFUEJAFhcFZhyPMCbBFCkuv7LiayW7sPxM3NubDfRKX8AFL85pwTT+48+YUKAygssW5bzM0Qj+bm4s9E=
Obz4ysigkD8zpkx+VrYk5Tg7SLjITHkZYn8sfE/S2xBjAyfbRCyX/QsiO9O6senhKMqh74xlMuhOXYLllrhKzZ/zDGGv15lAQzrrmLDTkeHQ6Jmirjk4iiLnzDMNvcwjOHNDElIHWmybVtPNyt49/s1dbPR3ZsAsIbpuMjTZ9izOtr7ILTU39rO9s9I=
XL46pjzPMBxotinxZkTh4d/4242Yog+Y1FQMv6lj2N23iAxpRuYQl1yK23QIqlWeztwIm276Kgzu1uHHH5And7Mc
js7mY6OXm0Huqdp5lEaOZxyrzqfl9NBktp70qN8cbH60soyls4gSxMR63fQL0wcrqsTasxvd8Th9Wc0uXtO0i7Yqi3Kvgre6QQq9xn4r6wFhov+kawIENXkznKbJiIrPIIg+mewJ2XsEkVQd85jWkeLO5wgTFz74FezBU3wek1CYbn0KjsigX35eYhhOAuljT5SPo7PI
u/lJt9/QXEEPpK+Kr44Dy2k8ambRf4O7faKNWLzcclKEwmoaMgErCvP7aIOs2hQP9AECbQRSKKF2i8Bthy9GL5XCfG7ovg3JLG9ePUKFZJYt/dvTRoWFkE7hx9mOKFL6N3lC7wce0VLIuYS0gJWkpb39RSthgqg1FGaPkVMEupRnLIgcuq/22MZ+5NvTSBSG8QUJM9SYhbkrm1qEJf3FDCFP85ubdfIC6agBRulXBstLzYKz6w==
ijFMZE8h43ZPSRP/bIevFB5hpJUnE6jvXt87ajVlP4YeKiey9ikh7+/oJFluRv0NpHTbATv037MNe2WJDPoXVP+2F6v4M7UxfLMV
YsugnoR9LBJYkkVEIwLJkjfV4vL36NM2V8nVOpp5U2epHx8aHX/Ntemwg0BOVRSlRuRRb28l1JRBTSVcOzqu3ahyWBdPYmB6teI6BHXdVcwx70Ob6xXiwnlI0cbZN3aLe21Sszs=
Jcnm0YI9viiwV6RzkHvn/PaEJ1eNrSoBhh6IHc/VDwesVF1eWt65kPkuSkoYFZvhkQm2gJ9cU/lIlmdcdNDki7mXkHk3LESdVtL4E/xOs0DY3t0zi/gD775OQsjO0glzj2RvU7M4
6s6FrSXNrH5Jq93RGk4ICxd+YCxRRiViWuLBrAkSMvb4qeNdYbXOPF9gK8W4qh9glOycN0kr6MW3kDwhpm6ALxxyy3wo4qUPS0R7U07yOnQubnFPf1gXb7ME
B1E3ms9p6ahRyD82vsBEUippy9cvmVEZQ08tZlrmybgZBhoS2M3LiTHhBvgfpOOR6H63BDQINKPZv2BBNxS0tTb6KMu8FmOoeLZtywuAswceJhIQDopZW29MH2uzAA==
bnAJhoLYaJejYA8C0NAzxQNa5PIeq3ADdE8tZlrmybgZBhoS2M3LiTHhBvgfpOOR6H63BDQINKPZv2BBNxS0tTb6KMu8FmOoeLZtywuAswceJhIQDopZW29MH2uzAA==
3fTPLstHV0UVl2LF/+3IKHM1mRjFp93noeDaZE02kZyGhEg/f/eJC6qevwaHPwDEy7LEWmB9AfUsh/dWcHt+oPQd7CSXlgCcge1rYpdpNtwuZj6YTUV3RhNtswI=
WlPUweYzmyfalEfm7c8dN5/klhUEqWHROJvpDp4KhXM1AzVCdVud8MUurdoXEsbB+wklOlCNCkRvzcLVq3pbbCy92owTNOmQ5VRkWXGkgpXGbALMG0EHPa1XDzZw9RRlzd1VK3Gi2PWkBn8Rw+Tq1LdMuBzKjyaYFt50W2Po5MbB5RkzxPi1eVs76gS1XZXMcW8Cm6uVosI5yJHGmbe2i7vtkrP7
2Gi0BYz25gUAzrxyOPUQrVkQ14UbG3NmcguOb4Sq2RX/cYP06sD2F80A9ZXBJ3JGT8aAu8N+Ozv1Ze7xhDghbBtc1kygF+Y38kpqx6Kv6tVaDbhfs95jl4+xdNd4fyuv7xiiiwhKTOF3SJx48LJF0OaA/IhEKyFD+mT+7RyVoQF6uEwpulPpMUuf6+iSyB31tfWvk5XmahF2jb8pL6sLVqodxuJlwVkg6BwF+II8cDsUkNRarku5jAauM5Hjcz6MRxG5XzCUb1lXRMNbODsRoZAKuwyLFgNT1GPJGeizgQ==
uelXG0tiMj64k75Wg1/NY0JIWUwO+KwwVFag0vUYUrqtE+OhCHdNh5Ujx5Lriy6nNCzCYprBXUeAW5xijEzMvbT9q0i0mI0N9h9xUR97R82ZJcEoRuodAD3xUfv/qi1onC8Fg8LVe+jUCe5jIrRikTQBNj+TyOmVyBtLfzUAY91c4UcRu1BL9GNeniE4TKdiIfLNTj4jW7lB+m/sa0qUbVmLLK6JAPo3QFAuUWxBySPk6aSVM5BmKcIWd8AT364gNVRxW7yWYyh4Nm1LCwCzhx6mEpAOClnbb8wf67OA
Ly8hRiWWQgTOY8jT/9Cmo7sFqGXjLZ8yALXBZ+EzDyGj3Cyk4FKJd0+SxxDJr4OetKoM3ojTPs0nMdgVCn56UQyUUdMUHyMn18h8ONCyJRBGABvMYytBg1rkHq08lYHBGjjsaVpTyfErH0uocsg9NdV1D9N15krRFg0fac+r6xYKnaYiRcG5YEicZTiiPJB7tBC0mo5LWcymLlNRw3MezKeRGZ9QlE8Zt8Rjm1s7MeFwihvM6xYjEzTjadmIs+E=
dVmikZRBxUn8ZXtAQX2igDPWhDtMX0/JmR9yGleWIf9YeSi5vRKB7RsLXz7SBtc4DlvNjHX4eWGIL+XiPOPpdbmcT2o2VhnaTq5qFEyNPsm/haRvGQ9aSMqzo+B5JsXDLcX/kFledA1prRIfP64M27I8liHoB7yCurEjIk3zcOn3AXX6V6t0A2t/q1pP8ntMgj9YlnM0aTABAE6Jvx85SJNS6/Bg2zEpwADZSj7xGALyj0xb3TXs66ibA/pCz/pkSz7TpRrWnTbdtSwc567gpPHW61rnUdbkXl7+ID39l/5j1bO6
GPMleHUOyLVOYxoVFSWvWTPWhDtMX0/JmR9yGleWIf9YeSi5vRKB7RsLXz7SBtc4DlvNjHX4eWGIL+XiPOPpdbmcTmo2VhnaTq5qFEyNPsm/haRvGQ9aSMqzo+B5JsXDLcX/kFledA1prRIfP64M27I8liHoB7yCurEjIk3zcOn3AXX6V6t0A2t/q1pP8ntMgj9YlnM0aTABAE6Jvx85SJNS6/Bg2zEpwADZSj7xGALyj0xb3TXs66ibA/pCz/pkSz7TpRrWnTbdtSwc567gpPHW61rnUdbkXl7+ID39l/5j1bO6
E9SMINZ7K1mwyvzoABcecjPWhDtMX0/JmR9yGleWIf9YeSi5vRKB7RsLXz7SBtc4DlvNjHX4eWGIL+XiPOPpdbmcQWo2VhnaTq5qFEyNPsm/haRvGQ9aSMqzo+B5JsXDLcX/kFledA1prRIfP64M27I8liHoB7yCurEjIk3zcOn3AXX6V6t0A2t/q1pP8ntMgj9YlnM0aTABAE6Jvx85SJNS6/Bg2zEpwADZSj7xGALyj0xb3TXs66ibA/pCz/pkSz7TpRrWnTbdtSwc567gpPHW61rnUdbkXl7+ID39l/5j1bO6
8x7dpqOgDJgbl9I5KbHzzjPWhDtMX0/JmR9yGleWIf9YeSi5vRKB7RsLXz7SBtc4DlvNjHX4eWGIL+XiPOPpdbmcQGo2VhnaTq5qFEyNPsm/haRvGQ9aSMqzo+B5JsXDLcX/kFledA1prRIfP64M27I8liHoB7yCurEjIk3zcOn3AXX6V6t0A2t/q1pP8ntMgj9YlnM0aTABAE6Jvx85SJNS6/Bg2zEpwADZSj7xGALyj0xb3TXs66ibA/pCz/pkSz7TpRrWnTbdtSwc567gpPHW61rnUdbkXl7+ID39l/5j1bO6
0nHtRpPxZJhdn1ZMk2bClTPWhDtMX0/JmR9yGleWIf9YeSi5vRKB7RsLXz7SBtc4DlvNjHX4eWGIL+XiPOPpdbmcQ2o2VhnaTq5qFEyNPsm/haRvGQ9aSMqzo+B5JsXDLcX/kFledA1prRIfP64M27I8liHoB7yCurEjIk3zcOn3AXX6V6t0A2t/q1pP8ntMgj9YlnM0aTABAE6Jvx85SJNS6/Bg2zEpwADZSj7xGALyj0xb3TXs66ibA/pCz/pkSz7TpRrWnTbdtSwc567gpPHW61rnUdbkXl7+ID39l/5j1bO6
xKN1orRzBeTIFVfs+7VBxjPWhDtMX0/JmR9yGleWIf9YeSi5vRKB7RsLXz7SBtc4DlvNjHX4eWGIL+XiPOPpdbmcQmo2VhnaTq5qFEyNPsm/haRvGQ9aSMqzo+B5JsXDLcX/kFledA1prRIfP64M27I8liHoB7yCurEjIk3zcOn3AXX6V6t0A2t/q1pP8ntMgj9YlnM0aTABAE6Jvx85SJNS6/Bg2zEpwADZSj7xGALyj0xb3TXs66ibA/pCz/pkSz7TpRrWnTbdtSwc567gpPHW61rnUdbkXl7+ID39l/5j1bO6
azqFnwJh4PWo2nAz3EsWjTPWhDtMX0/JmR9yGleWIf9YeSi5vRKB7RsLXz7SBtc4DlvNjHX4eWGIL+XiPOPpdbmcRWo2VhnaTq5qFEyNPsm/haRvGQ9aSMqzo+B5JsXDLcX/kFledA1prRIfP64M27I8liHoB7yCurEjIk3zcOn3AXX6V6t0A2t/q1pP8ntMgj9YlnM0aTABAE6Jvx85SJNS6/Bg2zEpwADZSj7xGALyj0xb3TXs66ibA/pCz/pkSz7TpRrWnTbdtSwc567gpPHW61rnUdbkXl7+ID39l/5j1bO6
eB1975eTVdsSI04eNX/6FD0yKF+CEo71CFcZQd+q8mwyNevWMBJuaTljQq4Pp/u9WneTHuyeowNThszHwQwj0bW7IaEJ1TbmXhhmCsFK4TYMXqYH5Q0Y21wRm912tAB7BdtZaVK7Tn8dw8nAdMdO+qpN4dAa9EbS8xwg2KqkohsnT+x82IEqVRdt3CDapTzjD50dxy0kpKgr+bPtub9z1ixdoFUZRZkrvToMxRCuI/G/DP4EA/S0XEb30siC9kj7PwCQNpX9VbMI4GEJr1M2pIl1ARwFl41bpy0Wki2gbaZFHwK773Xes7c=
eB1975eTVdsSI04eNX/6FD0yKF+CEo71CFcZQd+q8mwyNevWMBJuaTljQq4Pp/u9WneTHuyeowNThszHwQwj0bW7IaEJ1TbmXhhmCsFK4TYMXqYH5Q0Y21wRm912tAB7BdtZaVK7Tn8dw8nAdMdO+qpN4dAa9EbS8xwg2KqkohsnT+x82IEqVRdt3CDapTzjD50dxy0kpKgr+bPtub9z1ixdoFUZRZkrvToMxRCuI/G/DP4EA/S0XEb30siC9kj7PwCQNpX9VbMI4GEJr1M2pIl1ARwFl41bpy0Wki2gbaZFHwK773Xes7c=
eB1975eTVdsSI04eNX/6FD0yKF+CEo71CFcZQd+q8mwyNevWMBJuaTljQq4Pp/u9WneTHuyeowNThszHwQwj0bW7IaEJ1TbmXhhmCsFK4TYMXqYH5Q0Y21wRm912tAB7BdtZaVK7Tn8dw8nAdMdO+qpN4dAa9EbS8xwg2KqkohsnT+x82IEqVRdt3CDapTzjD50dxy0kpKgr+bPtub9z1ixdoFUZRZkrvToMxRCuI/G/DP4EA/S0XEb30siC9kj7PwCQNpX9VbMI4GEJr1M2pIl1ARwFl41bpy0Wki2gbaZFHwK773Xes7c=
eB1975eTVdsSI04eNX/6FD0yKF+CEo71CFcZQd+q8mwyNevWMBJuaTljQq4Pp/u9WneTHuyeowNThszHwQwj0bW7IaEJ1TbmXhhmCsFK4TYMXqYH5Q0Y21wRm912tAB7BdtZaVK7Tn8dw8nAdMdO+qpN4dAa9EbS8xwg2KqkohsnT+x82IEqVRdt3CDapTzjD50dxy0kpKgr+bPtub9z1ixdoFUZRZkrvToMxRCuI/G/DP4EA/S0XEb30siC9kj7PwCQNpX9VbMI4GEJr1M2pIl1ARwFl41bpy0Wki2gbaZFHwK773Xes7c=
eB1975eTVdsSI04eNX/6FD0yKF+CEo71CFcZQd+q8mwyNevWMBJuaTljQq4Pp/u9WneTHuyeowNThszHwQwj0bW7IaEJ1TbmXhhmCsFK4TYMXqYH5Q0Y21wRm912tAB7BdtZaVK7Tn8dw8nAdMdO+qpN4dAa9EbS8xwg2KqkohsnT+x82IEqVRdt3CDapTzjD50dxy0kpKgr+bPtub9z1ixdoFUZRZkrvToMxRCuI/G/DP4EA/S0XEb30siC9kj7PwCQNpX9VbMI4GEJr1M2pIl1ARwFl41bpy0Wki2gbaZFHwK773Xes7c=
eB1975eTVdsSI04eNX/6FD0yKF+CEo71CFcZQd+q8mwyNevWMBJuaTljQq4Pp/u9WneTHuyeowNThszHwQwj0bW7IaEJ1TbmXhhmCsFK4TYMXqYH5Q0Y21wRm912tAB7BdtZaVK7Tn8dw8nAdMdO+qpN4dAa9EbS8xwg2KqkohsnT+x82IEqVRdt3CDapTzjD50dxy0kpKgr+bPtub9z1ixdoFUZRZkrvToMxRCuI/G/DP4EA/S0XEb30siC9kj7PwCQNpX9VbMI4GEJr1M2pIl1ARwFl41bpy0Wki2gbaZFHwK773Xes7c=
eB1975eTVdsSI04eNX/6FD0yKF+CEo71CFcZQd+q8mwyNevWMBJuaTljQq4Pp/u9WneTHuyeowNThszHwQwj0bW7IaEJ1TbmXhhmCsFK4TYMXqYH5Q0Y21wRm912tAB7BdtZaVK7Tn8dw8nAdMdO+qpN4dAa9EbS8xwg2KqkohsnT+x82IEqVRdt3CDapTzjD50dxy0kpKgr+bPtub9z1ixdoFUZRZkrvToMxRCuI/G/DP4EA/S0XEb30siC9kj7PwCQNpX9VbMI4GEJr1M2pIl1ARwFl41bpy0Wki2gbaZFHwK773Xes7c=
PF/qnja454EyOz10zTh8NbwgN/6gRZQ2YjMCxy2wqggTBqPhOaPTBP52cDX8IPbx1hs0/S3J1YLG8Bq0qNQONqJVXLeMB0E5z5VY7GH3IxAkwnqJKDwhJ6c51vTfBJ3krmkuqRLW+L2ktl0zujETKh6sgTBA9T9eXN4SonJjs/ymT0XRgvlL0lb7y1iblF1B5/cv+TFqj5lknRBLQ0uTPsd6005K0tM3HaSyu3tlUzxreyWnPBm0sk8ymV8wKXA+klyEdu2LksUKddZdUQnFklYaoIFyhAtA5hf8oNXHXXSsFm02yy9Es+9j+IYmF2YLq00GDVHV8D3lZBYNNeMCz6fzlcNRNn9EWS841Sh8YzHSPVbY4+MOtHPLLyYb+IdB4SPPTO2Zu53+7/tPQDjVCzfudSxE7YaWdk8UdSTEtY+z/CERGH+jC7V0i7mMZY8lm+TDMHO69tV4uM+GsTbFep6Xk72RnoeYaz58CYmP5BopNPLz0LRGpSy1ocf0LSwhE6SurRJyn7STq0ZE5dC5b5wi6+xo0gW5S/TdY45iGqSuvpHfv6j3n7P0
w2T6PtYEFrrNOrrtjGfYbJC8RlGWCoqk9PYjtDxE056wdzOoLlTQMerxtnemNRtPxMVlsS0hTyoAiR0ve5/Af76iSunr4RhnNzZeyI6D11xppOSc63OWd2pgAYNLZ63mkmD01pG6fOT1m/b27tlTxmf//ZSCDY8s7cT3Tozp1U4Uayym3qnzdhjtPXerN1jfnDHURX2d6HSOZn5fRKk3z0HdU07V0TYdp7S+d3pZBXNwG6ooLsajf0GPSkwGale6R+pLCeywJGpWMHh99u/LrjH+bEbT2XG2xMrVCQgnvWRto+uP6IbyL6C+w+pILPLzBvhABSJCbBXXQNiJjNhmzyg7vvWRHeX5TJ4wRMOJqGrWyHUXdJxF41jZk4d3PchpmEHRaR45HH5sfcrMp1+yr2XLodBadAfGvILg2GsvZhtnz6x8mAFqVdftHCAaJfzjTx1dx22kZKjreXPteT8z1mzd4FXZxVkrfbrMxVAuY/H/jD4Ew3R0XIZ3ksjCdgj7/4BQNlV9lbNIYCEJ79N2pEn1wRzFF8hb56tWkm0graaFn8K7r/Wes/c=
yPeo12/YKTdPfBACa+02OsvM6Du3WBFbD9KLSjXzA8nYrqqqWxg2NVF+bAkzcWXZLrZ5kBonLB2YzF0hlLZYZfvQOLA9SbPeLznDHkbVVhXi6oCBpIolD0qNa5b+EPkMsMlHYpxiah6C38vARnM97XJFM27WR7Pka6glfQfLV0XB1vclpKFod7N364Inxqvyuu6rCx2YyoeL2SuAi8ddm8wlzI6PjuHjwJUIAnJg/EodN+p5ismu4aE1va62Jtg9gjhz/CYrhJwl+yXITKoVijsTPI/vX4C61qset0vxfjGh6YgBJdhuscVfevNHz+3/oYoH+NmTQGnYQBsNMgEuZBNfdgiz91ca68T//QGft/AdpcOh/tODc7CErbfXUg0QtNH+qrbzbMnUeM2zU8BZLejD27c1yPMFfFn3GXvYu4yDBo5puIS3ukEKvcZ+K+sBYaL/pGsCBDV5M5ymyYiKzyCIPpnsCdl7BJFUHfOY1pHizucIExc++BXswVN8HpNQmG59BYvIpV9+XmIYTgLpY0+Uj6OzyA==
WQ0WK96pLhvHeMYbZhoNs+cyidaljCz90stJs2+3nUZli/12JAq6/dhtFGAJyWlN+WhMmw+q3hEk3vwqc5bDM2xXEM7vAMLlMT6IZOY+087GZE/vtB783UkWvVtvHGC59QwX8JUGXk1P3s6vfs7cXck2ohm/H/nzgs+GFQYNHykS1PRSnFdWje0f21nBppelDB2dwPyf6N2fo6o/uCDM8tnfuzsoBNROTaqdLhlhbkSeKmzEehWkKxE+q1q+DrHti5a+fjeBmoNntHen+Weq8kivGsqBAloo6CPcXNKNwPYWNS10usFefPxf8v/snZPp37n2arIskU1yeszsp18WKL9DIu1xj2UZErkCxUOBXE0mflYJiCQ12yh/v++z2LhAfWZGNoKQuQt8C70L/hQa9dAV7RkeSEjhJnPVuY+PD5CeiJHNkWXrm+kGdtnyvZux46vHzo4tQip5ISUorIwhwA58fEPwgBDSkmslRAJeV4mv8/KUo2G9F6y0U9ETVKejMvudn7SafwR3dh8bUFPtgaSzzQ==
z0YZvag13M9ts85im89++68aHeyzmF+5MIwJ6TSvVjQb/OoMCjjaz+4uYJtvPN6e4k0ol7fkq4Oe5qQl5J6ZrtHHU3d34OOqPv/i2ZTLJ11ul9xwaPl3ftJKxUABSe3QDL5n1W/m5keepVwSC41A1eU6H2+6XANi2oq0WScfbMVHi6m023br3DgvgbUoRLlGBqXIvnprjDfFAZw3AB+jNjrb6hiDmlMJwqKtKrVxzJBferCY+bWvtnrhJrt2Wt5sxWkHAivxs5Y=
lC0kCUi/qAnRtlgPoXV7iO70EN7vEL8e7QSGYeHZy+Pvww8mu48p5hbFKiCoy/ddiU+DkjbezIhcoW7AiTnNrfRW2d1rfWvu46g6+erDmDU3T1qhxBqUl1dc9mytum2X3eLY6J+fs6imhdpjFMhHM5CHEUzHxQbyY4C+bBzji4Gct9MdET5H+GtevKkJL6Q6KdSyE1BUBoUslWGndE3sQROEbg2S0t9Uk0sG5GVweU+cQiuM6LLFm0/UnocOgVpErp7Rfz8IN/+zlA==
uNIeQijQKDN6r0a86C9bEC50e7mzaUMDdkNsBWSQGZ1Hvoglm8ebpi+MzcQ+2IF49h7DhAN2d5B7CihainAkYSxUQO/66W9jK7x8ZlwSTK/E5CxQ7eYG5+9g+VHV9z51ebYV+zgRCUbmPAa4d+3q6GxP4XOS1IOz0wjZQCzxSNQMHUDVeYW5K536bEXw7gPxn0xehGM0VFxmN3JIYjYo+99AMLY1vbWzaCDBiQ+TVqRpNWGcpdeqX8do8hKOYE2mZd9iOw81/rOX
CQHPnukCF5uImGBKsYIwIi50e7mzaUMDdkNsBWSQGZ1Hvoglm8eboC+MzcQ42IF49h7DhAN2d5B7CihapmckaDBaV+/66W9jK7x8ZlwSTK/E5CxQ7eYG5+9g+VHV9z51ebYV+zgRCUbmPAa4d+3q6GxP4XOS1IOz0wjZQCzxSNQMHUDVeYW5K536bEXw7gPxn0xehGM0VFxmN3JIYjYo+99AMLY1vbWzaCDBiQ+TVqRpNWGcpdeqX8do8hKOYE2mZd9iOw81/rOX
CYt9K87Tzyojz4DQKksD+jg3l7KLR7nl87zGbJYnrTaiCHVG+6RelUT2pMi5HXQnp/fDKQzFv3ES6k22RP+NURZb1CtY58DtbWMpuEZuRma+v/bQNriXAiTHzQQDOQ/DDKULQk8zAlXLBiR4vHAtGZg43vs7G2iwIRNx7KOotkX6RP5p2l3DATurH37WzWqa8WEt+MRsGdD2/MRTiCC4gporrbRqfo/5d/OqZPtBVWckdFsBu/Rfs4h/5YyI+pRUf7aXq3gzNTH8s5U=
+xqOw2Szzrklx4CA0EVmXC50e7mzaUMDdkNsBWSQGZ1Hvoglm8eboC+MzcQ42IF49h7DhAN2d5B7CihainAkfzFVSu/66W9jK7x8ZlwSTK/E5CxQ7eYG5+9g+VHV9z51ebYV+zgRCUbmPAa4d+3q6GxP4XOS1IOz0wjZQCzxSNQMHUDVeYW5K536bEXw7gPxn0xehGM0VFxmN3JIYjYo+99AMLY1vbWzaCDBiQ+TVqRpNWGcpdeqX8do8hKOYE2mZd9iOw81/rOX
pnY+J13qeMX9X9ZwH+QSsjg3l7KLR7nl87zGbJYnrTaiCHVG+6Rek0T2pMi/HXQnp/fDKQzFv3ES6k22VfmPRBJP1CtY58DtbWMpuEZuRma+v/bQNriXAiTHzQQDOQ/DDKULQk8zAlXLBiR4vHAtGZg43vs7G2iwIRNx7KOotkX6RP5p2l3DATurH37WzWqa8WEt+MRsGdD2/MRTiCC4gporrbRqfo/5d/OqZPtBVWckdFsBu/Rfs4h/5YyI+pRUf7aXq3gzNTH8s5U=
MjFQmqa5v8DlARw9ReGDdq8aHeyzmF+5MIwJ6TSvVjQb/OoMCjjayf92OIt5N4rB5U49vvGH7MGJvrNl4KyeuMTaU3d34OOqPv/i2ZTLJ11ul9xwaPl3ftJKxUABSe3QDL5n1W/m5keepVwSC41A1eU6H2+6XANi2oq0WScfbMVHi6m023br3DgvgbUoRLlGBqXIvnprjDfFAZw3AB+jNjrb6hiDmlMJwqKtKrVxzJBferCY+bWvtnrhJrt2Wt5sxWkHAivxs5Y=
Ig3zSZlw92ZLUI2FfbBw2K8aHeyzmF+5MIwJ6TSvVjQb/OoMCjjayf92OIt5N4rB5U49vvGH7MGJvrNl6b+UpcTYU3d34OOqPv/i2ZTLJ11ul9xwaPl3ftJKxUABSe3QDL5n1W/m5keepVwSC41A1eU6H2+6XANi2oq0WScfbMVHi6m023br3DgvgbUoRLlGBqXIvnprjDfFAZw3AB+jNjrb6hiDmlMJwqKtKrVxzJBferCY+bWvtnrhJrt2Wt5sxWkHAivxs5Y=
7+En7ixN7AXLNT2EhFbWYLcQFzSvtOLUXVP3jr/B3Y0r+moOJiIxjUk79XKACKKebGCY+jzCLYWhMJAMHzgt6FtiL4XQfK8ue0lj6uOsMs36N/ARF2uy1RQu3FMXmL7Yfc6FM31GsBwPKzssJgFS14Q8L5cwI/k4F3FONiNE9ljMl2OlvJO76QEKT/xrWrSdGdvMHgnwWmeAYE5BbFEpE6Q5BOWzIAb5AmZX0BPPjlD1hBHrPObD+DgGjV8PENaz3vWyYI66uYsvPD/7s5A=
l/kAu3ZynSuEalqY1u+9ehZ8+7TKOrNgzVqOF+Q6ueYUV7yon6s/+ucrQ42ywdak6TXhnCXXKF9HaHISDmDNpuXf4juPNX6zFw==
JSEpVmWGMF6POzRnaJ4a0ZwFinpShUtEvq4hDSOE/4nRUkElUpK3nMVBh6C58gJnOILtBiBPQPjTQ6t6c0OPXc7Z4sQ9jb1sqX/cH3OAfiLSGBkGkUdea0MdarMD
chBWegskf8kxHxSuQTDDV+t/NMAPI4yNkm2Qz+2dheJm+TW80JiFfIRwC7/5FPipOCEFGhdAOx8d3//I3qXIohCVfCbhQpjYEvCEiMLf2Jibk0N6GxNUslJTmoTlfYUM4c80n9vwNgIqKEFGKdfGywtNQrMr
opIMwRMTTlhr3CU+bmv2d2jhosBaPCXkgidbpsNLMlAIEWzD3eSwP12/1IqFGBqe+RvGa605DEivkhCgab8vrsrJxkOmkp40tQEnujt5sw4=
+/i2WffVOsjI+jvybzEi0jT2+FW7pmre2fVRTaACL1wk9Cthy7Qv0x15daM4uqT0TzaHC6jz5dEMs2U=
mSqQV244ATkO2woY/F4F2IYgOMJxdxrhIlhu8h+NTGC/inBoGUCpRpUR5kuWql6cJZnH8ssBs2Y=
aqz+4D9aEYJLlhjQWusgpjl31pR1aWHD/5Vn81DiJ+/7vwh0rusRdRzMQVpaQIXS8TlDazxmw3g4ho3fCZDZM951suCOOrkLL7w/e7MQ
LBuWnY4pmGrxTb8haZtVmzT2+FW7pmre2fVRTaACL1wk9Cthy7Qv0xV5daM4uqT0TzaHC6jz5dEMs2U=
xPUtgUAOeuoOWMuWjvog+YYgOMJxdxrhIlhu8h+NTGC/inBoGUipRpUR5kuWql6cJZnH8ssBs2Y=
Z/WEWLa12hFiEZR+holPpTT2+FW7pmre2fVRTaACL1wk9Cthy7Qv0xV4daM4uqT0TzaHC6jz5dEMs2U=
WNwyExNEniJSkDYStNa+ZoYgOMJxdxrhIlhu8h+NTGC/inBoGUioRpUR5kuWql6cJZnH8ssBs2Y=
Z/WEWLa12hFiEZR+holPpTT2+FW7pmre2fVRTaACL1wk9Cthy7Qv0xV4daM4uqT0TzaHC6jz5dEMs2U=
WNwyExNEniJSkDYStNa+ZoYgOMJxdxrhIlhu8h+NTGC/inBoGUioRpUR5kuWql6cJZnH8ssBs2Y=
gXS+6aJKdODupudchiufCHwzHmTrjZq1avns/qxRR4U3Rol+8+mgFssCViv6Ynju3xhL65n0r5ludXCwQ1v0zF4j3K+zoMR8M+tu/BgVJMdTvNo3plh1U58PkQaOSADmhaJw5PmD4sYa8U8mW5cpRPY1Q2yhPEMeWEGp7ogDmFZKMX/2lHWpBx/fxH9gmYCVyeUktMJeig8QQQuvXfUnfsHJOh2rrKpHDnEZE0zz/nja/u+/jff+nFLCqxrbAv95eCio6tqo7I1Ch1cOTVa4FmchPfYI8qHZ3E+BhHGLH7/8nv4vrKbX2rwE7hM6kJTVVnqgVZu4bNlYcBpvtFMKBQWFaXnABqQ0d2E0yipgIcfA5IkjFOFn1yPV9AmEaaVZCiEQfmBl3vzTd67PWSP1gK5MSwZw+lQIP4eau/snGAwMmebVW3WI0K5NYEMztYmX2Vwo6CdBBz2tVw82cPUUZc3dVStxotj1pAZ/EcPk6tS3TLgcyo8mmBbedFtj6OTGweUZM8T4tXlbO+oEtV2VzHFvBJmrnqbCOsiRxpm3tou77ZKz+w==
NPW7W+H8s3qpch8ej109D2ZpaBfsBcHom98GXqro6WNqhXpX0WH+vaBOqTdFJbiMENPeZjSQLor1LlI45Rsae2SBZLdY62V4mGvIR3g0ym6CJQ8HOJfE/O87JfsDlhz8em4fJvJkewd4TmBF3bbJY5MsbJEhzEOYGfbiNXs+2rdiHhD1vbZWsfNP5euWr7Ltun2TwcaUoHqQZyq1Gb9PwV122804HamosE90RQsDXgfEEMDajZ9v06R0aLZ5yok2BTEi7GqqGGy2xbgzBd6fIgL+PYXfVmpWO7FmuxMU4z9lN2YafK8uIk1SxrB8g6hkLr3M3sL1eRw2MeIEyL/m5/BNX0GrOQLC/nyNVWYa+BQbL5rAawN2xX2/GSHmGZZd31EQJRJ+YmHE9KlDvN9L18/otGgpJpLeDuAF80hrqRPiRFZdJJWZsdKYVPkyk+HBM3+D+MpIReWdVRejnabiQW7tV1nXq/MmQn3esu2BURBQvC3o2rwoK3xwrKqmizFcHo6bIdtzBjzvMaEPuNRnKa8kK0vjv8mxv6oAPIPWi4PMg6HpkLP5
NPW7W+H8s3qpch8ej109D2ZpaBfsBcHom98GXqro6WNqhXpX0WH+vaBOqTdFJbiMENPeZjSQLor1LlI45Rsae2SBZLdY62V4mGvIR3g0ym6CJQ8HOJfE/O87JfsDlhz8em4fJvJkewd4TmBF3bbJY5MsbJEhzEOYGfbiNXs+2rdiHhD1vbZWsfNP5euWr7Ltun2TwcaUoHqQZyq1Gb9PwV122804HamosE90RQsDXgfEEMDajZ9v06R0aLZ5yok2BTEi7GqqGGy2xbgzBd6fIgL+PYXfVmpWO7FmuxMU4z9lN2YafK8uIk1SxrB8g6hkLr3M3sL1eRw2MeIEyL/m5/BNX0GrOQLC/nyNVWYa+BQbL5rAawN2xX2/GSHmGZZd31EQJRJ+YmHE9KlDvN9L18/otGgpJpLeDuAF80hrqRPiRFZdJJWZsdKYVPkyk+HBM3+D+MpIReWdVRejnabiQW7tV1nXq/MmQn3esu2BURBQvC3o2rwoK3xwrKqmizFcHo6bIdtzBjzvMaEPuNRnKa8kK0vjv8mxv6oAPIPWi4PMg6HpkLP5
mkYYph6QX744zGDgitDY1I3I6O7gGZkTMLJRzNEQNDzg4lu2wFrkJGwy9SSq1ZRcG9EouPz25s04a4eV6Xz4omixNUcTu5rJniwqO6dQ4R8SLe9bqcnHmzJSd/4xel7buj+qXGQzJDTZtTKrn5SOPjXG2F/D8Pw8tsSa2d8iFj2RB/ozl5yWOY8eU84Rv7el289pgLP3hL90bWsxvyC3SMdYctjPOR2mtr1zf18Ce2kR0SQzyJxvUL25WBOcYKKu0CAVwc4LSjcSmxnTCeyGyNQ3qu63roa1GAZ9PfHqXKT5oHOl2D1v4XwAro3qtTvfsvvJfwyTRYaya91ZbhEXgUEVKfyjCpntfJPgJi/Pgm+i7rsJMtqT6UsAM4KrX5ER21rVk6eT/u3/SUgi2TUn/EFaXMf6uFYtMJNM/lnRgw51R+A1/8X1Nk9/xL9DW0s2t4ar0Eo7GBorIBnMaeRuJQcrKRQbFuu8+I8BFWikuaZGBUgeuguMVwWhHJdA/6PWentquEP6U2kCAi2K9ZHMcB/aMDg50q/Wv0KmGza63oyFyYei65Gz9g==
mkYYph6QX744zGDgitDY1I3I6O7gGZkTMLJRzNEQNDzg4lu2wFrkJGwy9SSq1ZRcG9EouPz25s04a4eV6Xz4omixNUcTu5rJniwqO6dQ4R8SLe9bqcnHmzJSd/4xel7buj+qXGQzJDTZtTKrn5SOPjXG2F/D8Pw8tsSa2d8iFj2RB/ozl5yWOY8eU84Rv7el289pgLP3hL90bWsxvyC3SMdYctjPOR2mtr1zf18Ce2kR0SQzyJxvUL25WBOcYKKu0CAVwc4LSjcSmxnTCeyGyNQ3qu63roa1GAZ9PfHqXKT5oHOl2D1v4XwAro3qtTvfsvvJfwyTRYaya91ZbhEXgUEVKfyjCpntfJPgJi/Pgm+i7rsJMtqT6UsAM4KrX5ER21rVk6eT/u3/SUgi2TUn/EFaXMf6uFYtMJNM/lnRgw51R+A1/8X1Nk9/xL9DW0s2t4ar0Eo7GBorIBnMaeRuJQcrKRQbFuu8+I8BFWikuaZGBUgeuguMVwWhHJdA/6PWentquEP6U2kCAi2K9ZHMcB/aMDg50q/Wv0KmGza63oyFyYei65Gz9g==
aZE9MaNeQM/9sZZ3K2QTKBd8+7TKOrNgzVqOF+Q6ueYUV7yon6s/+ucrQ42ywdak6TXhnCXXKl9HbHASDmDNpuXf4juPNX6zFw==
jWPiXYAG0MOJnxi8LPiAL2jhosBaPCXkgidbpsNLMlAJEWzD3eSwP12/1IqFGBqe+RvGa605DEivkhCgab0vrs7LxkOmkp40tQEnujt5sw4=
0puLkYhW4oTwL3BzlXRoZRR8+7TKOrNgzVqOF+Q6ueYUV7yon6s/+ucrQ42ywdak6TXhnCXXJ19HbHASDmDNpuXf4juPNX6zFw==
TRlRyDC3hRBWvcNSqrkVWGjhosBaPCXkgidbpsNLMlAKEWzD3eSwP12/1IqFGBqe+RvGa605DEivkhCgabAvrs7LxkOmkp40tQEnujt5sw4=
yXRqobYhBtnhYkRfdjhC+zT2+FW7pmre2fVRTaACL1wk9Cthy7Qv0x97da86uqT0TzaHC6jz5dEMs2U=
vypgoJ54Aw7o5cSc/8Vn+YYgOMJxdxrhIlhu8h+NTGC/inBoGUKrRpkT5kuWql6cJZnH8ssBs2Y=
dFd1yZLZZkFxXxtsBdaubauYvQgMMI+Tj0Z8k8jzlWn8QI/NzN9WXkN2rtPOQD0f5bo9H2FlwMXstBNR01RnI3P73R/ymryEt3ZfmxBTrQFksw0=
mwgbDEugOii123+DpUaHc1Le9c1dNh+HzWkX8cNRMBx7VSPJ3Mb+JV2/1IqFGBqe+QjJb7c5DEivkhCgabwqrsnLxkOmkp40tQEnujt5sw4=
5yMDCTh8P4qXuAZ4oZSTQI3I6O7gGZkTMLJRzNEQNDzg4lu2wFrkJGwy9SSq1ZRcG9EouPz25s04a4eV6Xz4omixNUcTu5rJniwqO6dQ4R8SLe9bqcnHmzJSd/4xel7buj+qXGQzJDTZtTKrn5SOPjXG2F/D8Pw8tsSa2d8iFj2RB/ozl5yWOY8eU84Rv7el289pgLP3hL90bWsxvyC3SMdYctjPOR2mtr1zf18Ce2kR0SQzyJxvUL25WBOcYKKu0CAVwc4LSjcSmxnTCeyGyNQ3qu63roa1GAZ9PfHqXKT5oHOl2D1v4XwAro3qtTvfsvvJfwyTRYaya91ZbhEXgUEVKfyjCpntfJPgJi/Pgm+i7rsJMtqT6UsAM4KrX5ER21rVk6eT/u3/SUgi2TUn/EFaXMf6uFYtMJNM/lnRgw51R+A1/8X1Nk9/xL9DW0s2t4ar0Eo7GBorIBnMaeRuJQcrKRQbFuu8+I8BFWikuaZGBUgeuguMVwWhHJdA/6PWentquEP6U2kCAi2K9ZHMcB/aMDg52ajWu0OmGza63oyFyYei65Gz9g==
5yMDCTh8P4qXuAZ4oZSTQI3I6O7gGZkTMLJRzNEQNDzg4lu2wFrkJGwy9SSq1ZRcG9EouPz25s04a4eV6Xz4omixNUcTu5rJniwqO6dQ4R8SLe9bqcnHmzJSd/4xel7buj+qXGQzJDTZtTKrn5SOPjXG2F/D8Pw8tsSa2d8iFj2RB/ozl5yWOY8eU84Rv7el289pgLP3hL90bWsxvyC3SMdYctjPOR2mtr1zf18Ce2kR0SQzyJxvUL25WBOcYKKu0CAVwc4LSjcSmxnTCeyGyNQ3qu63roa1GAZ9PfHqXKT5oHOl2D1v4XwAro3qtTvfsvvJfwyTRYaya91ZbhEXgUEVKfyjCpntfJPgJi/Pgm+i7rsJMtqT6UsAM4KrX5ER21rVk6eT/u3/SUgi2TUn/EFaXMf6uFYtMJNM/lnRgw51R+A1/8X1Nk9/xL9DW0s2t4ar0Eo7GBorIBnMaeRuJQcrKRQbFuu8+I8BFWikuaZGBUgeuguMVwWhHJdA/6PWentquEP6U2kCAi2K9ZHMcB/aMDg52ajWu0OmGza63oyFyYei65Gz9g==
